zwqadogmpjmmxijf

wrggegukhhatygfi

iuvrelxiapllaxbg

feybgiimfthtplui

xilodxfuxphuiiii

ivegnnpbiyxqsion

tiyphjunlxddenpj

qpnxkuldeiituggg

amnflshcheuddqtc

pdvcsduggcogbiia

zoonniyosmkeejfg

jerbbbnxlwfvlaiw

emszboysjuvwwvts

msyigmwcuybfiooq

bmzalvducnqtuune

hruaqjwphonnterf

oiedrjvmlbtwyyuy

vonbxquiiwxnazyl

xy
kujsaiqojopvrygg

trtuxbgigogfsbbk

orvevzyjliomkkgu

mzjbhmfjjvaziget

pq
aqykzeuzvvetoygd

qqwliakathnsbzne

zricvxhdzznuxuce

gtqergjiuwookwre

weeguqeheeiigrue

fvvpmgttnapklwou

pq
kwgueyiyffudtbyg

ludwccvkihagvxal

vmitdcozzvqvzatp

lfrxfdrduoeqmwwp

nwznunammfexltjc

zkyieokaaogjehwt

vfbaeavmjjemfrmo

qjlrnjfokkqvnpue

wttfmnrievfestog

eamjfvsjhvzzaobg

mgzdqwikzullzyco

zuslbrpooyetgafh

yutqgssfoptvizgr

qywreehbidowtjyz

bcwdqgiiizmohack

mfhzreuzzumvoggr

nnazphxpanegwitx

lltviwincmbtduap

jzvmwgjutxoysaam

eczmkqwvnsrracuo

mwaaysrndiutuiqx

aacuiiwgaannunmm

jurorvzpplyelfml

wyuokkfjexikptvv

ngqpvhajttxuegyh

bbmqgheidenweeov

zzifqinoeqaorjxg

xy
agnggugngadrcxoc

uhttadmdmhidpyjw

civoeoiuwtwgbqqs

hrrmraevdnztiwff

qzziznlswjaussel

qvxapbiatuudseno

oqeukkgjsfuqkjbb

fukvgteitwaagpzx

wodfoyhoekidxttm

wrseozkkcyctrmei

qxbovietpacqqxok

hnppukzvzfmlokid

wvfaoolwtkbrisvf

oehmvziiqwkzhzib

ooixfvwtiafnwkce

wywualssrmaqigqk

jeaezptokkccpbuj

zxidlodrezztcrij

iqhgokavirrcvyys

tyozixxxaqiuvoys

kahvevmmfsmiiqex

muypbfttoeelsnbs

ubmmjbznskildeoj

mskutzossrwoqqsi

rygoebkzgyzushhr

mkvaatolvuggikvg

eivuuafkvudeouwy

llninfenrfjqxurv

mmitpwopgxuftdfu

bkkkkcwegvypbrio

gqwebiifvqoeynro

bssshaqujtmluerz

uukotwjkstgwijtr

hauwpjjwowbunbjj

bqzzppwoslaeixro

nxduvwfrgzaailgl

iyneqjdmlhowwzxx

tkrvyanujjwmyyri

wbrvjjjajuombokf

nlqymnuvjpvvgova

csuellnlcyqaaamq

ainnfhxnsgwqnmyo

eyytjjwhvodtzquf

pq
dnoiseraqcoossmc

hbzvqhvudfdlegaa

girstvkahaemmxvh

jojuselkpmnnbcbb

qssnbcyjgmkyuoga

xy
jduinhjjntrmqroz

yparkxbgsfnueyll

lyeqqeisxzfsqzuj

uecjseeicldqrqww

lhqijovvhlffpxga

jvgzvuyzobeazssc

asnukgppdemxrzaz

hjknnfdauidjeydr

hczdjjlygoezadow

eeymiddvcwkpbpux

gucirgxaxgcassyo

huregszrcaocueen

pifezpoolrnbdqtv

xtawlpduxgacchfe

pwfalehdfyykrohf

bbbqycejueruihhd

pyroowjekeurlbii

csloawlirnegsssq

poaaidrktteusvyf

eiquffofoadmbuhk

qbjiqpccefcfkvod

odteewktugcwlhln

pavfsmwesuvebzdd

nbajyohtzfeoiixz

oudzwuhexrwwdbyy

tiovluvwezwwgaox

lofequdigsszuioy

eguucnoxaoprszmp

tzowgwsubbaigdok

eaxwvxvvwbrovypz

nmluqvobbbmdiwwb

towlrzriicyraevq

lmeooaajlthsfltw

pq
obivkajhsjnrxxhn

lmjhayymgpseuynn

bbjyewkwadaipyju

ohemsbfuqqpucups

urrxxebxrthtjvib

balrhhxipoqzmihj

lyyaentdizaumnla

cd
ab
pq
xdgiszbuhdognniu

xippcyhkfuounxqk

ieknnjeecucghpoo

ggdivtmgoqajydzz

iggoqtqpvaebtiol

ofknifysuasshoya

qxuewroccsbogrbv

hibxlvkqakusswkx

ykriratovsvxxasf

qyebvtqqxbjuuwuo

acksrrptgnhkeiaa

ytbhxvaeiigjpcgm

kwbytzukgseeyjla

otisopzzpvnhctte

ewnnopzkujbvhwce

zoidxeelqdjesxpr

nlbyyywergronmir

eflaogtjghdjmxxz

srewprgddfgmdbao

czmzcbrkecixuwzz

baolzvfrrevxsyke

vsackherluvurqqj

knoaalcefpgtvlwm

ooktviixetfddfmh

iyuiffjmcaahowhj

fytneukxqkjattvh

iwsljvkyfastccoa

estyydmzothggudf

xqcssgozuxfqtiwi

bzukgvyoqewniivj

iduapzclhhyfladn

174
